Build started 3/7/2012 4:59:05 PM.
     1>Project "C:\Users\Myron\Shifter\Shifter\Shifter\Shifter.vcxproj" on node 2 (build target(s)).
     1>InitializeBuildStatus:
         Creating "Debug\Shifter.unsuccessfulbuild" because "AlwaysCreate" was specified.
       ClCompile:
         D:\Programs\MSVC2010\VC\bin\CL.exe /c /I"D:\Programs\MSVC2010\Allegro 5\include" /ZI /nologo /W3 /WX- /Od /Oy- /D _MBCS /Gm /EHsc /RTC1 /MDd /GS /fp:precise /Zc:wchar_t /Zc:forScope /Fo"Debug\\" /Fd"Debug\vc100.pdb" /Gd /TP /analyze- /errorReport:prompt Background.cpp GameObject.cpp Hero.cpp main.cpp MenuButton.cpp
         MenuButton.cpp
         main.cpp
         Hero.cpp
         GameObject.cpp
         Background.cpp
         Generating Code...
       Link:
         D:\Programs\MSVC2010\VC\bin\link.exe /ERRORREPORT:PROMPT /OUT:"C:\Users\Myron\Shifter\Shifter\Debug\Shifter.exe" /NOLOGO /LIBPATH:"D:\Programs\MSVC2010\Allegro 5\lib" "allegro-5.0.5-monolith-md-debug.lib" kernel32.lib user32.lib gdi32.lib winspool.lib comdlg32.lib advapi32.lib shell32.lib ole32.lib oleaut32.lib uuid.lib odbc32.lib odbccp32.lib /MANIFEST /ManifestFile:"Debug\Shifter.exe.intermediate.manifest" /MANIFESTUAC:"level='asInvoker' uiAccess='false'" /DEBUG /PDB:"C:\Users\Myron\Shifter\Shifter\Debug\Shifter.pdb" /TLBID:1 /DYNAMICBASE /NXCOMPAT /IMPLIB:"C:\Users\Myron\Shifter\Shifter\Debug\Shifter.lib" /MACHINE:X86 Debug\Background.obj
         Debug\GameObject.obj
         Debug\Hero.obj
         Debug\main.obj
         Debug\MenuButton.obj
         LINK : C:\Users\Myron\Shifter\Shifter\Debug\Shifter.exe not found or not built by the last incremental link; performing full link
         Shifter.vcxproj -> C:\Users\Myron\Shifter\Shifter\Debug\Shifter.exe
       Manifest:
         C:\Program Files\Microsoft SDKs\Windows\v7.0A\bin\mt.exe /nologo /verbose /outputresource:"C:\Users\Myron\Shifter\Shifter\Debug\Shifter.exe;#1" /manifest Debug\Shifter.exe.intermediate.manifest
       FinalizeBuildStatus:
         Deleting file "Debug\Shifter.unsuccessfulbuild".
         Touching "Debug\Shifter.lastbuildstate".
     1>Done Building Project "C:\Users\Myron\Shifter\Shifter\Shifter\Shifter.vcxproj" (build target(s)).

Build succeeded.

Time Elapsed 00:00:05.79
